#
# There is insufficient memory for the Java Runtime Environment to continue.
# Native memory allocation (mmap) failed to map 201326592 bytes for G1 virtual space
# Possible reasons:
#   The system is out of physical RAM or swap space
#   The process is running with CompressedOops enabled, and the Java Heap may be blocking the growth of the native heap
# Possible solutions:
#   Reduce memory load on the system
#   Increase physical memory or swap space
#   Check if swap backing store is full
#   Decrease Java heap size (-Xmx/-Xms)
#   Decrease number of Java threads
#   Decrease Java thread stack sizes (-Xss)
#   Set larger code cache with -XX:ReservedCodeCacheSize=
#   JVM is running with Zero Based Compressed Oops mode in which the Java heap is
#     placed in the first 32GB address space. The Java Heap base address is the
#     maximum limit for the native heap growth. Please use -XX:HeapBaseMinAddress
#     to set the Java Heap base and to place the Java Heap above 32GB virtual address.
# This output file may be truncated or incomplete.
#
#  Out of Memory Error (os_windows.cpp:3548), pid=2280, tid=16544
#
# JRE version:  (17.0.10+11) (build )
# Java VM: Java HotSpot(TM) 64-Bit Server VM (17.0.10+11-LTS-240, mixed mode, emulated-client, sharing, tiered, compressed oops, compressed class ptrs, g1 gc, windows-amd64)
# No core dump will be written. Minidumps are not enabled by default on client versions of Windows
#

---------------  S U M M A R Y ------------

Command Line: -XX:TieredStopAtLevel=1 -Dspring.output.ansi.enabled=always -Dcom.sun.management.jmxremote -Dspring.jmx.enabled=true -Dspring.liveBeansView.mbeanDomain -Dspring.application.admin.enabled=true -Dmanagement.endpoints.jmx.exposure.include=* -javaagent:C:\Program Files\JetBrains\IntelliJ IDEA 2023.3.3\lib\idea_rt.jar=54609:C:\Program Files\JetBrains\IntelliJ IDEA 2023.3.3\bin -Dfile.encoding=UTF-8 com.developer.creditappraisermicroservice.CreditappraisermicroserviceApplication

Host: Intel(R) Core(TM) i5-8250U CPU @ 1.60GHz, 8 cores, 11G,  Windows 11 , 64 bit Build 22621 (10.0.22621.4391)
Time: Sun Jan 12 14:39:33 2025 Hora oficial do Brasil elapsed time: 0.122480 seconds (0d 0h 0m 0s)

---------------  T H R E A D  ---------------

Current thread (0x0000015045517310):  JavaThread "Unknown thread" [_thread_in_vm, id=16544, stack(0x0000003bbdb00000,0x0000003bbdc00000)]

Stack: [0x0000003bbdb00000,0x0000003bbdc00000]
Native frames: (J=compiled Java code, j=interpreted, Vv=VM code, C=native code)
V  [jvm.dll+0x677a5a]
V  [jvm.dll+0x7d8b2d]
V  [jvm.dll+0x7da48e]
V  [jvm.dll+0x7daaf3]
V  [jvm.dll+0x2455ff]
V  [jvm.dll+0x6749b9]
V  [jvm.dll+0x669382]
V  [jvm.dll+0x302e96]
V  [jvm.dll+0x30a416]
V  [jvm.dll+0x359cbe]
V  [jvm.dll+0x359eef]
V  [jvm.dll+0x2d9e88]
V  [jvm.dll+0x2dadf4]
V  [jvm.dll+0x7aa551]
V  [jvm.dll+0x367911]
V  [jvm.dll+0x789639]
V  [jvm.dll+0x3eb30f]
V  [jvm.dll+0x3ecd91]
C  [jli.dll+0x5297]
C  [ucrtbase.dll+0x29333]
C  [KERNEL32.DLL+0x1259d]
C  [ntdll.dll+0x5af38]


---------------  P R O C E S S  ---------------

Threads class SMR info:
_java_thread_list=0x00007ff9e0f96a18, length=0, elements={
}

Java Threads: ( => current thread )

Other Threads:
  0x00000150455713f0 GCTaskThread "GC Thread#0" [stack: 0x0000003bbdc00000,0x0000003bbdd00000] [id=16488]
  0x000001504557e180 ConcurrentGCThread "G1 Main Marker" [stack: 0x0000003bbdd00000,0x0000003bbde00000] [id=16460]
  0x000001504557eb90 ConcurrentGCThread "G1 Conc#0" [stack: 0x0000003bbde00000,0x0000003bbdf00000] [id=16424]

[error occurred during error reporting (printing all threads), id 0xc0000005, EXCEPTION_ACCESS_VIOLATION (0xc0000005) at pc=0x00007ff9e07caae7]

VM state: not at safepoint (not fully initialized)

VM Mutex/Monitor currently owned by a thread:  ([mutex/lock_event])
[0x0000015045514d50] Heap_lock - owner thread: 0x0000015045517310

Heap address: 0x0000000741c00000, size: 3044 MB, Compressed Oops mode: Zero based, Oop shift amount: 3

CDS archive(s) mapped at: [0x0000000000000000-0x0000000000000000-0x0000000000000000), size 0, SharedBaseAddress: 0x0000000800000000, ArchiveRelocationMode: 1.
Narrow klass base: 0x0000000000000000, Narrow klass shift: 0, Narrow klass range: 0x0

GC Precious Log:
<Empty>

Heap:
 garbage-first heap   total 0K, used 0K [0x0000000741c00000, 0x0000000800000000)
  region size 2048K, 0 young (0K), 0 survivors (0K)

[error occurred during error reporting (printing heap information), id 0xc0000005, EXCEPTION_ACCESS_VIOLATION (0xc0000005) at pc=0x00007ff9e0bb1249]

GC Heap History (0 events):
No events

Deoptimization events (0 events):
No events

Classes unloaded (0 events):
No events

Classes redefined (0 events):
No events

Internal exceptions (0 events):
No events

VM Operations (0 events):
No events

Events (1 events):
Event: 0.088 Loaded shared library C:\Program Files\Java\jdk-17\bin\java.dll


Dynamic libraries:
0x00007ff634830000 - 0x00007ff634840000 	C:\Program Files\Java\jdk-17\bin\java.exe
0x00007ffa34330000 - 0x00007ffa34547000 	C:\WINDOWS\SYSTEM32\ntdll.dll
0x00007ffa32d50000 - 0x00007ffa32e14000 	C:\WINDOWS\System32\KERNEL32.DLL
0x00007ffa31630000 - 0x00007ffa319ea000 	C:\WINDOWS\System32\KERNELBASE.dll
0x00007ffa31c80000 - 0x00007ffa31d91000 	C:\WINDOWS\System32\ucrtbase.dll
0x00007ffa22170000 - 0x00007ffa22189000 	C:\Program Files\Java\jdk-17\bin\jli.dll
0x00007ffa0d600000 - 0x00007ffa0d61b000 	C:\Program Files\Java\jdk-17\bin\VCRUNTIME140.dll
0x00007ffa32bc0000 - 0x00007ffa32c72000 	C:\WINDOWS\System32\ADVAPI32.dll
0x00007ffa33100000 - 0x00007ffa331a7000 	C:\WINDOWS\System32\msvcrt.dll
0x00007ffa32780000 - 0x00007ffa32827000 	C:\WINDOWS\System32\sechost.dll
0x00007ffa31600000 - 0x00007ffa31628000 	C:\WINDOWS\System32\bcrypt.dll
0x00007ffa33600000 - 0x00007ffa33714000 	C:\WINDOWS\System32\RPCRT4.dll
0x00007ffa33450000 - 0x00007ffa335fe000 	C:\WINDOWS\System32\USER32.dll
0x00007ffa31ee0000 - 0x00007ffa31f06000 	C:\WINDOWS\System32\win32u.dll
0x00007ffa331f0000 - 0x00007ffa33219000 	C:\WINDOWS\System32\GDI32.dll
0x00007ffa14950000 - 0x00007ffa14be2000 	C:\WINDOWS\WinSxS\amd64_microsoft.windows.common-controls_6595b64144ccf1df_6.0.22621.4541_none_2710d1c57384c085\COMCTL32.dll
0x00007ffa31f10000 - 0x00007ffa3202b000 	C:\WINDOWS\System32\gdi32full.dll
0x00007ffa319f0000 - 0x00007ffa31a8a000 	C:\WINDOWS\System32\msvcp_win.dll
0x00007ffa27a80000 - 0x00007ffa27a8a000 	C:\WINDOWS\SYSTEM32\VERSION.dll
0x00007ffa331b0000 - 0x00007ffa331e1000 	C:\WINDOWS\System32\IMM32.DLL
0x00007ffa2cae0000 - 0x00007ffa2caec000 	C:\Program Files\Java\jdk-17\bin\vcruntime140_1.dll
0x00007ffa043d0000 - 0x00007ffa0445e000 	C:\Program Files\Java\jdk-17\bin\msvcp140.dll
0x00007ff9e04e0000 - 0x00007ff9e10bf000 	C:\Program Files\Java\jdk-17\bin\server\jvm.dll
0x00007ffa32190000 - 0x00007ffa32198000 	C:\WINDOWS\System32\PSAPI.DLL
0x00007ffa1d590000 - 0x00007ffa1d599000 	C:\WINDOWS\SYSTEM32\WSOCK32.dll
0x00007ffa08770000 - 0x00007ffa087a4000 	C:\WINDOWS\SYSTEM32\WINMM.dll
0x00007ffa33780000 - 0x00007ffa337f1000 	C:\WINDOWS\System32\WS2_32.dll
0x00007ffa30600000 - 0x00007ffa30618000 	C:\WINDOWS\SYSTEM32\kernel.appcore.dll
0x00007ffa22160000 - 0x00007ffa2216a000 	C:\Program Files\Java\jdk-17\bin\jimage.dll
0x00007ffa2fba0000 - 0x00007ffa2fdd2000 	C:\WINDOWS\SYSTEM32\DBGHELP.DLL
0x00007ffa32830000 - 0x00007ffa32bbf000 	C:\WINDOWS\System32\combase.dll
0x00007ffa33800000 - 0x00007ffa338d7000 	C:\WINDOWS\System32\OLEAUT32.dll
0x00007ffa16070000 - 0x00007ffa160a2000 	C:\WINDOWS\SYSTEM32\dbgcore.DLL
0x00007ffa31c00000 - 0x00007ffa31c7b000 	C:\WINDOWS\System32\bcryptPrimitives.dll
0x00007ffa297e0000 - 0x00007ffa297ee000 	C:\Program Files\Java\jdk-17\bin\instrument.dll
0x00007ffa0d2f0000 - 0x00007ffa0d315000 	C:\Program Files\Java\jdk-17\bin\java.dll

dbghelp: loaded successfully - version: 4.0.5 - missing functions: none
symbol engine: initialized successfully - sym options: 0x614 - pdb path: .;C:\Program Files\Java\jdk-17\bin;C:\WINDOWS\SYSTEM32;C:\WINDOWS\WinSxS\amd64_microsoft.windows.common-controls_6595b64144ccf1df_6.0.22621.4541_none_2710d1c57384c085;C:\Program Files\Java\jdk-17\bin\server

VM Arguments:
jvm_args: -XX:TieredStopAtLevel=1 -Dspring.output.ansi.enabled=always -Dcom.sun.management.jmxremote -Dspring.jmx.enabled=true -Dspring.liveBeansView.mbeanDomain -Dspring.application.admin.enabled=true -Dmanagement.endpoints.jmx.exposure.include=* -javaagent:C:\Program Files\JetBrains\IntelliJ IDEA 2023.3.3\lib\idea_rt.jar=54609:C:\Program Files\JetBrains\IntelliJ IDEA 2023.3.3\bin -Dfile.encoding=UTF-8 
java_command: com.developer.creditappraisermicroservice.CreditappraisermicroserviceApplication
java_class_path (initial): C:\Users\Usuario\Desktop\GitHub\microservices-and-messaging\creditappraisermicroservice\target\classes;C:\Users\Usuario\.m2\repository\org\springframework\cloud\spring-cloud-starter-openfeign\3.1.1\spring-cloud-starter-openfeign-3.1.1.jar;C:\Users\Usuario\.m2\repository\org\springframework\cloud\spring-cloud-starter\3.1.1\spring-cloud-starter-3.1.1.jar;C:\Users\Usuario\.m2\repository\org\springframework\cloud\spring-cloud-context\3.1.1\spring-cloud-context-3.1.1.jar;C:\Users\Usuario\.m2\repository\org\springframework\security\spring-security-rsa\1.0.10.RELEASE\spring-security-rsa-1.0.10.RELEASE.jar;C:\Users\Usuario\.m2\repository\org\bouncycastle\bcpkix-jdk15on\1.68\bcpkix-jdk15on-1.68.jar;C:\Users\Usuario\.m2\repository\org\bouncycastle\bcprov-jdk15on\1.68\bcprov-jdk15on-1.68.jar;C:\Users\Usuario\.m2\repository\org\springframework\cloud\spring-cloud-openfeign-core\3.1.1\spring-cloud-openfeign-core-3.1.1.jar;C:\Users\Usuario\.m2\repository\io\github\openfeign\form\feign-form-spring\3.8.0\feign-form-spring-3.8.0.jar;C:\Users\Usuario\.m2\repository\io\github\openfeign\form\feign-form\3.8.0\feign-form-3.8.0.jar;C:\Users\Usuario\.m2\repository\commons-fileupload\commons-fileupload\1.4\commons-fileupload-1.4.jar;C:\Users\Usuario\.m2\repository\commons-io\commons-io\2.2\commons-io-2.2.jar;C:\Users\Usuario\.m2\repository\org\springframework\spring-web\5.3.17\spring-web-5.3.17.jar;C:\Users\Usuario\.m2\repository\org\springframework\spring-beans\5.3.17\spring-beans-5.3.17.jar;C:\Users\Usuario\.m2\repository\org\springframework\cloud\spring-cloud-commons\3.1.1\spring-cloud-commons-3.1.1.jar;C:\Users\Usuario\.m2\repository\org\springframework\security\spring-security-crypto\5.6.2\spring-security-crypto-5.6.2.jar;C:\Users\Usuario\.m2\repository\io\github\openfeign\feign-core\11.8\feign-core-11.8.jar;C:\Users\Usuario\.m2\repository\io\github\openfeign\feign-slf4j\11.8\feign-slf4j-11.8.jar;C:\Users\Usuario\.m2\repository\org\slf4j\slf4j-api\1.7.36\slf
Launcher Type: SUN_STANDARD

[Global flags]
     intx CICompilerCount                          = 4                                         {product} {ergonomic}
     uint ConcGCThreads                            = 2                                         {product} {ergonomic}
     uint G1ConcRefinementThreads                  = 8                                         {product} {ergonomic}
   size_t G1HeapRegionSize                         = 2097152                                   {product} {ergonomic}
    uintx GCDrainStackTargetSize                   = 64                                        {product} {ergonomic}
   size_t InitialHeapSize                          = 201326592                                 {product} {ergonomic}
     bool ManagementServer                         = true                                      {product} {command line}
   size_t MarkStackSize                            = 4194304                                   {product} {ergonomic}
   size_t MaxHeapSize                              = 3191865344                                {product} {ergonomic}
   size_t MinHeapDeltaBytes                        = 2097152                                   {product} {ergonomic}
   size_t MinHeapSize                              = 8388608                                   {product} {ergonomic}
    uintx NonProfiledCodeHeapSize                  = 0                                      {pd product} {ergonomic}
     bool ProfileInterpreter                       = false                                  {pd product} {command line}
    uintx ProfiledCodeHeapSize                     = 0                                      {pd product} {ergonomic}
   size_t SoftMaxHeapSize                          = 3191865344                             {manageable} {ergonomic}
     intx TieredStopAtLevel                        = 1                                         {product} {command line}
     bool UseCompressedClassPointers               = true                           {product lp64_product} {ergonomic}
     bool UseCompressedOops                        = true                           {product lp64_product} {ergonomic}
     bool UseG1GC                                  = true                                      {product} {ergonomic}
     bool UseLargePagesIndividualAllocation        = false                                  {pd product} {ergonomic}

Logging:
Log output configuration:
 #0: stdout all=warning uptime,level,tags
 #1: stderr all=off uptime,level,tags

Environment Variables:
JAVA_HOME=C:\Program Files\Java\jdk-17
PATH=C:\Program Files\Common Files\Oracle\Java\javapath;C:\Program Files (x86)\Common Files\Oracle\Java\javapath;C:\Program Files\Java\zulu21.30.15-ca-jdk21.0.1-win_x64\bin;C:\WINDOWS\system32;C:\WINDOWS;C:\WINDOWS\System32\Wbem;C:\WINDOWS\System32\WindowsPowerShell\v1.0\;C:\WINDOWS\System32\OpenSSH\;C:\Program Files\dotnet\;C:\Program Files\Microsoft SQL Server\120\Tools\Binn\;C:\Program Files\Common Files\Autodesk Shared\;C:\Program Files\Git\cmd;C:\Program Files\nodejs\;C:\Program Files\Java\jdk-11.0.9\bin;C:\Program Files\Vim\vim91;C:\Program Files\Microsoft SQL Server\150\Tools\Binn\;C:\Program Files\MySQL\MySQL Server 8.0\bin;C:\Program Files\Docker\Docker\resources\bin;C:\MinGW\bin;C:\Program Files\PostgreSQL\16\bin;C:\Program Files\maven\apache-maven-3.9.8-bin\apache-maven-3.9.8\bin;C:\Users\Usuario\AppData\Local\Programs\Python\Python311\Scripts\;C:\Users\Usuario\AppData\Local\Programs\Python\Python311\;C:\Users\Usuario\AppData\Local\Microsoft\WindowsApps;C:\Users\Usuario\Desktop\Microsoft VS Code\bin;C:\Users\Usuario\AppData\Roaming\npm;%PyCharm%;%PyCharm Community Edition%;C:\Users\Usuario\AppData\Local\Programs\mongosh\
USERNAME=Usuario
OS=Windows_NT
PROCESSOR_IDENTIFIER=Intel64 Family 6 Model 142 Stepping 10, GenuineIntel



---------------  S Y S T E M  ---------------

OS:
 Windows 11 , 64 bit Build 22621 (10.0.22621.4391)
OS uptime: 0 days 8:29 hours
Hyper-V role detected

CPU: total 8 (initial active 8) (4 cores per cpu, 2 threads per core) family 6 model 142 stepping 10 microcode 0xe0, cx8, cmov, fxsr, ht, mmx, 3dnowpref, sse, sse2, sse3, ssse3, sse4.1, sse4.2, popcnt, lzcnt, tsc, tscinvbit, avx, avx2, aes, erms, clmul, bmi1, bmi2, adx, fma, vzeroupper, clflush, clflushopt, hv

Memory: 4k page, system-wide physical 12171M (2040M free)
TotalPageFile size 16267M (AvailPageFile size 86M)
current process WorkingSet (physical memory assigned to process): 11M, peak: 11M
current process commit charge ("private bytes"): 55M, peak: 247M

vm_info: Java HotSpot(TM) 64-Bit Server VM (17.0.10+11-LTS-240) for windows-amd64 JRE (17.0.10+11-LTS-240), built on Dec 19 2023 21:47:25 by "mach5one" with MS VC++ 17.1 (VS2022)

END.
