#
# There is insufficient memory for the Java Runtime Environment to continue.
# Native memory allocation (mmap) failed to map 201326592 bytes for Failed to commit area from 0x0000000741c00000 to 0x000000074dc00000 of length 201326592.
# Possible reasons:
#   The system is out of physical RAM or swap space
#   The process is running with CompressedOops enabled, and the Java Heap may be blocking the growth of the native heap
# Possible solutions:
#   Reduce memory load on the system
#   Increase physical memory or swap space
#   Check if swap backing store is full
#   Decrease Java heap size (-Xmx/-Xms)
#   Decrease number of Java threads
#   Decrease Java thread stack sizes (-Xss)
#   Set larger code cache with -XX:ReservedCodeCacheSize=
# This output file may be truncated or incomplete.
#
#  Out of Memory Error (os_windows.cpp:3388), pid=3692, tid=14648
#
# JRE version:  (11.0.25+9) (build )
# Java VM: OpenJDK 64-Bit Server VM (11.0.25+9-LTS, mixed mode, sharing, tiered, compressed oops, g1 gc, windows-amd64)
# No core dump will be written. Minidumps are not enabled by default on client versions of Windows
#

---------------  S U M M A R Y ------------

Command Line: -XX:TieredStopAtLevel=1 -Xverify:none -Dspring.output.ansi.enabled=always -Dcom.sun.management.jmxremote -Dspring.jmx.enabled=true -Dspring.liveBeansView.mbeanDomain -Dspring.application.admin.enabled=true -Dmanagement.endpoints.jmx.exposure.include=* -javaagent:C:\Program Files\JetBrains\IntelliJ IDEA 2023.3.3\lib\idea_rt.jar=54423:C:\Program Files\JetBrains\IntelliJ IDEA 2023.3.3\bin -Dfile.encoding=UTF-8 com.developer.clientmicroservice.ClientmicroserviceApplication

Host: Intel(R) Core(TM) i5-8250U CPU @ 1.60GHz, 8 cores, 11G,  Windows 11 , 64 bit Build 22621 (10.0.22621.4391)
Time: Mon Jan 13 08:45:45 2025 Hora oficial do Brasil elapsed time: 0.026748 seconds (0d 0h 0m 0s)

---------------  T H R E A D  ---------------

Current thread (0x0000024214f33000):  JavaThread "Unknown thread" [_thread_in_vm, id=14648, stack(0x000000afe0a00000,0x000000afe0b00000)]

Stack: [0x000000afe0a00000,0x000000afe0b00000]
Native frames: (J=compiled Java code, j=interpreted, Vv=VM code, C=native code)
V  [jvm.dll+0x64644a]
V  [jvm.dll+0x7daca9]
V  [jvm.dll+0x7dc3a9]
V  [jvm.dll+0x7dca93]
V  [jvm.dll+0x269da5]
V  [jvm.dll+0x643669]
V  [jvm.dll+0x637b45]
V  [jvm.dll+0x325e2c]
V  [jvm.dll+0x325cb2]
V  [jvm.dll+0x32a886]
V  [jvm.dll+0x372d02]
V  [jvm.dll+0x372761]
V  [jvm.dll+0x301568]
V  [jvm.dll+0x302665]
V  [jvm.dll+0x7b3db7]
V  [jvm.dll+0x7b557f]
V  [jvm.dll+0x380119]
V  [jvm.dll+0x795f1f]
V  [jvm.dll+0x3f0a37]
V  [jvm.dll+0x3f2fa1]
C  [jli.dll+0x52ef]
C  [ucrtbase.dll+0x29333]
C  [KERNEL32.DLL+0x1259d]
C  [ntdll.dll+0x5af38]


---------------  P R O C E S S  ---------------

Threads class SMR info:
_java_thread_list=0x0000024212e10bf0, length=0, elements={
}

Java Threads: ( => current thread )

Other Threads:
  0x0000024214f4c000 GCTaskThread "GC Thread#0" [stack: 0x000000afe0b00000,0x000000afe0c00000] [id=12740]
  0x0000024214f91800 ConcurrentGCThread "G1 Main Marker" [stack: 0x000000afe0c00000,0x000000afe0d00000] [id=12016]
  0x0000024214f94000 ConcurrentGCThread "G1 Conc#0" [stack: 0x000000afe0d00000,0x000000afe0e00000] [id=16432]

[error occurred during error reporting (printing all threads), id 0xc0000005, EXCEPTION_ACCESS_VIOLATION (0xc0000005) at pc=0x00007ff9eaaf1fa7]

VM state:not at safepoint (not fully initialized)

VM Mutex/Monitor currently owned by a thread:  ([mutex/lock_event])
[0x0000024214f2ddb0] Heap_lock - owner thread: 0x0000024214f33000

Heap address: 0x0000000741c00000, size: 3044 MB, Compressed Oops mode: Non-zero based: 0x0000000741c00000
Narrow klass base: 0x0000000000000000, Narrow klass shift: 0

GC Heap History (0 events):
No events

Deoptimization events (0 events):
No events

Classes redefined (0 events):
No events

Internal exceptions (0 events):
No events

Events (1 events):
Event: 0.018 Loaded shared library C:\Users\Usuario\.jdks\corretto-11.0.25\bin\zip.dll


Dynamic libraries:
0x00007ff615480000 - 0x00007ff61548e000 	C:\Users\Usuario\.jdks\corretto-11.0.25\bin\java.exe
0x00007ffa34330000 - 0x00007ffa34547000 	C:\WINDOWS\SYSTEM32\ntdll.dll
0x00007ffa32d50000 - 0x00007ffa32e14000 	C:\WINDOWS\System32\KERNEL32.DLL
0x00007ffa31630000 - 0x00007ffa319ea000 	C:\WINDOWS\System32\KERNELBASE.dll
0x00007ffa31c80000 - 0x00007ffa31d91000 	C:\WINDOWS\System32\ucrtbase.dll
0x00007ffa221c0000 - 0x00007ffa221d7000 	C:\Users\Usuario\.jdks\corretto-11.0.25\bin\jli.dll
0x00007ffa26be0000 - 0x00007ffa26bfb000 	C:\Users\Usuario\.jdks\corretto-11.0.25\bin\VCRUNTIME140.dll
0x00007ffa33450000 - 0x00007ffa335fe000 	C:\WINDOWS\System32\USER32.dll
0x00007ffa14950000 - 0x00007ffa14be2000 	C:\WINDOWS\WinSxS\amd64_microsoft.windows.common-controls_6595b64144ccf1df_6.0.22621.4541_none_2710d1c57384c085\COMCTL32.dll
0x00007ffa31ee0000 - 0x00007ffa31f06000 	C:\WINDOWS\System32\win32u.dll
0x00007ffa331f0000 - 0x00007ffa33219000 	C:\WINDOWS\System32\GDI32.dll
0x00007ffa31f10000 - 0x00007ffa3202b000 	C:\WINDOWS\System32\gdi32full.dll
0x00007ffa319f0000 - 0x00007ffa31a8a000 	C:\WINDOWS\System32\msvcp_win.dll
0x00007ffa33100000 - 0x00007ffa331a7000 	C:\WINDOWS\System32\msvcrt.dll
0x00007ffa331b0000 - 0x00007ffa331e1000 	C:\WINDOWS\System32\IMM32.DLL
0x00007ffa2cc50000 - 0x00007ffa2cc5c000 	C:\Users\Usuario\.jdks\corretto-11.0.25\bin\vcruntime140_1.dll
0x00007ffa05ab0000 - 0x00007ffa05b3d000 	C:\Users\Usuario\.jdks\corretto-11.0.25\bin\msvcp140.dll
0x00007ff9ea7e0000 - 0x00007ff9eb3a5000 	C:\Users\Usuario\.jdks\corretto-11.0.25\bin\server\jvm.dll
0x00007ffa32bc0000 - 0x00007ffa32c72000 	C:\WINDOWS\System32\ADVAPI32.dll
0x00007ffa32780000 - 0x00007ffa32827000 	C:\WINDOWS\System32\sechost.dll
0x00007ffa31600000 - 0x00007ffa31628000 	C:\WINDOWS\System32\bcrypt.dll
0x00007ffa33600000 - 0x00007ffa33714000 	C:\WINDOWS\System32\RPCRT4.dll
0x00007ffa33780000 - 0x00007ffa337f1000 	C:\WINDOWS\System32\WS2_32.dll
0x00007ffa32190000 - 0x00007ffa32198000 	C:\WINDOWS\System32\PSAPI.DLL
0x00007ffa08770000 - 0x00007ffa087a4000 	C:\WINDOWS\SYSTEM32\WINMM.dll
0x00007ffa27a80000 - 0x00007ffa27a8a000 	C:\WINDOWS\SYSTEM32\VERSION.dll
0x00007ffa30600000 - 0x00007ffa30618000 	C:\WINDOWS\SYSTEM32\kernel.appcore.dll
0x00007ffa2cab0000 - 0x00007ffa2cac0000 	C:\Users\Usuario\.jdks\corretto-11.0.25\bin\verify.dll
0x00007ffa2fba0000 - 0x00007ffa2fdd2000 	C:\WINDOWS\SYSTEM32\DBGHELP.DLL
0x00007ffa32830000 - 0x00007ffa32bbf000 	C:\WINDOWS\System32\combase.dll
0x00007ffa33800000 - 0x00007ffa338d7000 	C:\WINDOWS\System32\OLEAUT32.dll
0x00007ffa16070000 - 0x00007ffa160a2000 	C:\WINDOWS\SYSTEM32\dbgcore.DLL
0x00007ffa31c00000 - 0x00007ffa31c7b000 	C:\WINDOWS\System32\bcryptPrimitives.dll
0x00007ffa1f3f0000 - 0x00007ffa1f418000 	C:\Users\Usuario\.jdks\corretto-11.0.25\bin\java.dll
0x00007ffa22150000 - 0x00007ffa2215a000 	C:\Users\Usuario\.jdks\corretto-11.0.25\bin\jimage.dll
0x00007ffa2d870000 - 0x00007ffa2d87e000 	C:\Users\Usuario\.jdks\corretto-11.0.25\bin\instrument.dll
0x00007ffa1f620000 - 0x00007ffa1f638000 	C:\Users\Usuario\.jdks\corretto-11.0.25\bin\zip.dll

dbghelp: loaded successfully - version: 4.0.5 - missing functions: none
symbol engine: initialized successfully - sym options: 0x614 - pdb path: .;C:\Users\Usuario\.jdks\corretto-11.0.25\bin;C:\WINDOWS\SYSTEM32;C:\WINDOWS\WinSxS\amd64_microsoft.windows.common-controls_6595b64144ccf1df_6.0.22621.4541_none_2710d1c57384c085;C:\Users\Usuario\.jdks\corretto-11.0.25\bin\server

VM Arguments:
jvm_args: -XX:TieredStopAtLevel=1 -Xverify:none -Dspring.output.ansi.enabled=always -Dcom.sun.management.jmxremote -Dspring.jmx.enabled=true -Dspring.liveBeansView.mbeanDomain -Dspring.application.admin.enabled=true -Dmanagement.endpoints.jmx.exposure.include=* -javaagent:C:\Program Files\JetBrains\IntelliJ IDEA 2023.3.3\lib\idea_rt.jar=54423:C:\Program Files\JetBrains\IntelliJ IDEA 2023.3.3\bin -Dfile.encoding=UTF-8 
java_command: com.developer.clientmicroservice.ClientmicroserviceApplication
java_class_path (initial): C:\Users\Usuario\Desktop\GitHub\microservices-and-messaging\clientmicroservice\target\classes;C:\Users\Usuario\.m2\repository\org\projectlombok\lombok\1.18.30\lombok-1.18.30.jar;C:\Users\Usuario\.m2\repository\org\springframework\cloud\spring-cloud-starter-netflix-eureka-client\3.1.1\spring-cloud-starter-netflix-eureka-client-3.1.1.jar;C:\Users\Usuario\.m2\repository\org\springframework\cloud\spring-cloud-starter\3.1.1\spring-cloud-starter-3.1.1.jar;C:\Users\Usuario\.m2\repository\org\springframework\cloud\spring-cloud-context\3.1.1\spring-cloud-context-3.1.1.jar;C:\Users\Usuario\.m2\repository\org\springframework\security\spring-security-crypto\5.6.2\spring-security-crypto-5.6.2.jar;C:\Users\Usuario\.m2\repository\org\springframework\cloud\spring-cloud-commons\3.1.1\spring-cloud-commons-3.1.1.jar;C:\Users\Usuario\.m2\repository\org\springframework\security\spring-security-rsa\1.0.10.RELEASE\spring-security-rsa-1.0.10.RELEASE.jar;C:\Users\Usuario\.m2\repository\org\bouncycastle\bcpkix-jdk15on\1.68\bcpkix-jdk15on-1.68.jar;C:\Users\Usuario\.m2\repository\org\bouncycastle\bcprov-jdk15on\1.68\bcprov-jdk15on-1.68.jar;C:\Users\Usuario\.m2\repository\org\springframework\cloud\spring-cloud-netflix-eureka-client\3.1.1\spring-cloud-netflix-eureka-client-3.1.1.jar;C:\Users\Usuario\.m2\repository\com\netflix\eureka\eureka-client\1.10.17\eureka-client-1.10.17.jar;C:\Users\Usuario\.m2\repository\com\netflix\netflix-commons\netflix-eventbus\0.3.0\netflix-eventbus-0.3.0.jar;C:\Users\Usuario\.m2\repository\com\netflix\netflix-commons\netflix-infix\0.3.0\netflix-infix-0.3.0.jar;C:\Users\Usuario\.m2\repository\commons-jxpath\commons-jxpath\1.3\commons-jxpath-1.3.jar;C:\Users\Usuario\.m2\repository\joda-time\joda-time\2.3\joda-time-2.3.jar;C:\Users\Usuario\.m2\repository\org\antlr\antlr-runtime\3.4\antlr-runtime-3.4.jar;C:\Users\Usuario\.m2\repository\org\antlr\stringtemplate\3.2.1\stringtemplate-3.2.1.jar;C:\Users\Usuario\.m2\repository\com\google\code\gso
Launcher Type: SUN_STANDARD

[Global flags]
     bool BytecodeVerificationLocal                = false                                     {product} {command line}
     bool BytecodeVerificationRemote               = false                                     {product} {command line}
     intx CICompilerCount                          = 4                                         {product} {ergonomic}
     uint ConcGCThreads                            = 2                                         {product} {ergonomic}
     uint G1ConcRefinementThreads                  = 8                                         {product} {ergonomic}
   size_t G1HeapRegionSize                         = 1048576                                   {product} {ergonomic}
    uintx GCDrainStackTargetSize                   = 64                                        {product} {ergonomic}
   size_t InitialHeapSize                          = 201326592                                 {product} {ergonomic}
     bool ManagementServer                         = true                                      {product} {command line}
   size_t MarkStackSize                            = 4194304                                   {product} {ergonomic}
   size_t MaxHeapSize                              = 3191865344                                {product} {ergonomic}
   size_t MinHeapDeltaBytes                        = 1048576                                   {product} {ergonomic}
    uintx NonNMethodCodeHeapSize                   = 7549744                                {pd product} {ergonomic}
    uintx NonProfiledCodeHeapSize                  = 244108496                              {pd product} {ergonomic}
    uintx ProfiledCodeHeapSize                     = 0                                      {pd product} {ergonomic}
    uintx ReservedCodeCacheSize                    = 251658240                              {pd product} {ergonomic}
     bool SegmentedCodeCache                       = true                                      {product} {ergonomic}
     intx TieredStopAtLevel                        = 1                                         {product} {command line}
     bool UseCompressedClassPointers               = true                                 {lp64_product} {ergonomic}
     bool UseCompressedOops                        = true                                 {lp64_product} {ergonomic}
     bool UseG1GC                                  = true                                      {product} {ergonomic}
     bool UseLargePagesIndividualAllocation        = false                                  {pd product} {ergonomic}

Logging:
Log output configuration:
 #0: stdout all=warning uptime,level,tags
 #1: stderr all=off uptime,level,tags

Environment Variables:
JAVA_HOME=C:\Program Files\Java\jdk-17
PATH=C:\Program Files\Common Files\Oracle\Java\javapath;C:\Program Files (x86)\Common Files\Oracle\Java\javapath;C:\Program Files\Java\zulu21.30.15-ca-jdk21.0.1-win_x64\bin;C:\WINDOWS\system32;C:\WINDOWS;C:\WINDOWS\System32\Wbem;C:\WINDOWS\System32\WindowsPowerShell\v1.0\;C:\WINDOWS\System32\OpenSSH\;C:\Program Files\dotnet\;C:\Program Files\Microsoft SQL Server\120\Tools\Binn\;C:\Program Files\Common Files\Autodesk Shared\;C:\Program Files\Git\cmd;C:\Program Files\nodejs\;C:\Program Files\Java\jdk-11.0.9\bin;C:\Program Files\Vim\vim91;C:\Program Files\Microsoft SQL Server\150\Tools\Binn\;C:\Program Files\MySQL\MySQL Server 8.0\bin;C:\Program Files\Docker\Docker\resources\bin;C:\MinGW\bin;C:\Program Files\PostgreSQL\16\bin;C:\Program Files\maven\apache-maven-3.9.8-bin\apache-maven-3.9.8\bin;C:\Users\Usuario\AppData\Local\Programs\Python\Python311\Scripts\;C:\Users\Usuario\AppData\Local\Programs\Python\Python311\;C:\Users\Usuario\AppData\Local\Microsoft\WindowsApps;C:\Users\Usuario\Desktop\Microsoft VS Code\bin;C:\Users\Usuario\AppData\Roaming\npm;%PyCharm%;%PyCharm Community Edition%;C:\Users\Usuario\AppData\Local\Programs\mongosh\
USERNAME=Usuario
OS=Windows_NT
PROCESSOR_IDENTIFIER=Intel64 Family 6 Model 142 Stepping 10, GenuineIntel
TMP=C:\Users\Usuario\AppData\Local\Temp
TEMP=C:\Users\Usuario\AppData\Local\Temp



---------------  S Y S T E M  ---------------

OS: Windows 11 , 64 bit Build 22621 (10.0.22621.4391)
OS uptime: 1 days 2:35 hours
Hyper-V role detected

CPU:total 8 (initial active 8) (4 cores per cpu, 2 threads per core) family 6 model 142 stepping 10 microcode 0xe0, cmov, cx8, fxsr, mmx, sse, sse2, sse3, ssse3, sse4.1, sse4.2, popcnt, avx, avx2, aes, clmul, erms, 3dnowpref, lzcnt, ht, tsc, tscinvbit, bmi1, bmi2, adx, fma

Memory: 4k page, system-wide physical 12171M (957M free)
TotalPageFile size 16267M (AvailPageFile size 175M)
current process WorkingSet (physical memory assigned to process): 11M, peak: 11M
current process commit charge ("private bytes"): 58M, peak: 250M

vm_info: OpenJDK 64-Bit Server VM (11.0.25+9-LTS) for windows-amd64 JRE (11.0.25+9-LTS), built on Oct 10 2024 00:01:59 by "Administrator" with MS VC++ 16.10 / 16.11 (VS2019)

END.
